slurmstepd: info: Setting TMPDIR to /scratch/13439286. Previous errors about TMPDIR can be discarded
[Job 0] Simulations completed: 50/2500
[Job 0] Simulations completed: 100/2500
[Job 0] Simulations completed: 150/2500
[Job 0] Simulations completed: 200/2500
[Job 0] Simulations completed: 250/2500
[Job 0] Simulations completed: 300/2500
[Job 0] Simulations completed: 350/2500
[Job 0] Simulations completed: 400/2500
[Job 0] Simulations completed: 450/2500
[Job 0] Simulations completed: 500/2500
[Job 0] Simulations completed: 550/2500
[Job 0] Simulations completed: 600/2500
[Job 0] Simulations completed: 650/2500
[Job 0] Simulations completed: 700/2500
[Job 0] Simulations completed: 750/2500
[Job 0] Simulations completed: 800/2500
[Job 0] Simulations completed: 850/2500
[Job 0] Simulations completed: 900/2500
[Job 0] Simulations completed: 950/2500
[Job 0] Simulations completed: 1000/2500
[Job 0] Simulations completed: 1050/2500
[Job 0] Simulations completed: 1100/2500
[Job 0] Simulations completed: 1150/2500
[Job 0] Simulations completed: 1200/2500
[Job 0] Simulations completed: 1250/2500
[Job 0] Simulations completed: 1300/2500
[Job 0] Simulations completed: 1350/2500
[Job 0] Simulations completed: 1400/2500
[Job 0] Simulations completed: 1450/2500
[Job 0] Simulations completed: 1500/2500
[Job 0] Simulations completed: 1550/2500
[Job 0] Simulations completed: 1600/2500
[Job 0] Simulations completed: 1650/2500
[Job 0] Simulations completed: 1700/2500
[Job 0] Simulations completed: 1750/2500
[Job 0] Simulations completed: 1800/2500
[Job 0] Simulations completed: 1850/2500
[Job 0] Simulations completed: 1900/2500
[Job 0] Simulations completed: 1950/2500
[Job 0] Simulations completed: 2000/2500
[Job 0] Simulations completed: 2050/2500
[Job 0] Simulations completed: 2100/2500
[Job 0] Simulations completed: 2150/2500
[Job 0] Simulations completed: 2200/2500
[Job 0] Simulations completed: 2250/2500
[Job 0] Simulations completed: 2300/2500
[Job 0] Simulations completed: 2350/2500
[Job 0] Simulations completed: 2400/2500
[Job 0] Simulations completed: 2450/2500
[Job 0] Simulations completed: 2500/2500
Wrote partial results to mc_rg_results_2gpu/partial_0.json
Total elapsed time: 5166.70 seconds
Simulations only: 5166.69 seconds
[Fri Jun 13 00:13:15 CEST 2025] Finished job 13439286 task 0
