slurmstepd: info: Setting TMPDIR to /scratch/12954113. Previous errors about TMPDIR can be discarded
[2025-05-26 15:26:53] STARTING intermediate Dask local test
[2025-05-26 15:27:11] FINISHED intermediate Dask local test

*****************************************************************************
*                                                                           *
*                    JOB EFFICIENCY REPORT (seff 12954113)                   *
*                                                                           *
*****************************************************************************

Job ID: 12954113
Cluster: finisterrae3
User/Group: curso363/ulc
State: COMPLETED (exit code 0)
Nodes: 1
Cores per node: 4
CPU Utilized: 00:00:16
CPU Efficiency: 20.00% of 00:01:20 core-walltime
Job Wall-clock time: 00:00:20
Memory Utilized: 252.00 KB
Memory Efficiency: 0.00% of 8.00 GB

 +++++++++++++++++++++++++++++++++++++++++++++++++++++++++++++++++++++++++++
 ++   Memory Efficiency is too small. Please review the requested memory. ++
 ++ It seems that you do not need that much memory so we recommend        ++
 ++ requesting less memory in other similar jobs.                         ++
 +++++++++++++++++++++++++++++++++++++++++++++++++++++++++++++++++++++++++++
 
*****************************************************************************

