slurmstepd: info: Setting TMPDIR to /scratch/12952406. Previous errors about TMPDIR can be discarded
[2025-05-26 14:40:09] JOB 12952406 START
[INFO] Loading data from ../../Datasets/final_tennis_dataset_symmetric.parquet
[INFO] Original DataFrame shape: (133346, 195)
[INFO] Sampled 1000 rows
[INFO] Features shape: (1000, 176)
[INFO] Defining CV and parameter distribution
[INFO] Parameter distribution: {'n_estimators': [50, 100], 'max_depth': [3, 5], 'learning_rate': [0.1, 0.2]}
[INFO] Starting RandomizedSearchCV
Fitting 2 folds for each of 4 candidates, totalling 8 fits
[INFO] Search done
[RESULT] Best params: {'n_estimators': 100, 'max_depth': 3, 'learning_rate': 0.1}
[RESULT] Best log-loss: 0.29498
[INFO] Saved results to ./logs/simple/best_params_simple.json
[2025-05-26 14:42:02] JOB 12952406 END

*****************************************************************************
*                                                                           *
*                    JOB EFFICIENCY REPORT (seff 12952406)                   *
*                                                                           *
*****************************************************************************

Job ID: 12952406
Cluster: finisterrae3
User/Group: curso363/ulc
State: COMPLETED (exit code 0)
Nodes: 1
Cores per node: 4
CPU Utilized: 00:06:27
CPU Efficiency: 83.41% of 00:07:44 core-walltime
Job Wall-clock time: 00:01:56
Memory Utilized: 924.11 MB
Memory Efficiency: 5.64% of 16.00 GB

 +++++++++++++++++++++++++++++++++++++++++++++++++++++++++++++++++++++++++++
 ++   Memory Efficiency is too small. Please review the requested memory. ++
 ++ It seems that you do not need that much memory so we recommend        ++
 ++ requesting less memory in other similar jobs.                         ++
 +++++++++++++++++++++++++++++++++++++++++++++++++++++++++++++++++++++++++++
 
*****************************************************************************

