ueslurmstepd: info: Setting TMPDIR to /scratch/13439074. Previous errors about TMPDIR can be discarded
[Job 0] Simulations completed: 50/5000
[Job 0] Simulations completed: 100/5000
[Job 0] Simulations completed: 150/5000
[Job 0] Simulations completed: 200/5000
[Job 0] Simulations completed: 250/5000
[Job 0] Simulations completed: 300/5000
[Job 0] Simulations completed: 350/5000
[Job 0] Simulations completed: 400/5000
[Job 0] Simulations completed: 450/5000
[Job 0] Simulations completed: 500/5000
[Job 0] Simulations completed: 550/5000
[Job 0] Simulations completed: 600/5000
[Job 0] Simulations completed: 650/5000
[Job 0] Simulations completed: 700/5000
[Job 0] Simulations completed: 750/5000
[Job 0] Simulations completed: 800/5000
[Job 0] Simulations completed: 850/5000
[Job 0] Simulations completed: 900/5000
[Job 0] Simulations completed: 950/5000
[Job 0] Simulations completed: 1000/5000
[Job 0] Simulations completed: 1050/5000
[Job 0] Simulations completed: 1100/5000
[Job 0] Simulations completed: 1150/5000
[Job 0] Simulations completed: 1200/5000
[Job 0] Simulations completed: 1250/5000
[Job 0] Simulations completed: 1300/5000
[Job 0] Simulations completed: 1350/5000
[Job 0] Simulations completed: 1400/5000
[Job 0] Simulations completed: 1450/5000
[Job 0] Simulations completed: 1500/5000
[Job 0] Simulations completed: 1550/5000
[Job 0] Simulations completed: 1600/5000
[Job 0] Simulations completed: 1650/5000
[Job 0] Simulations completed: 1700/5000
[Job 0] Simulations completed: 1750/5000
[Job 0] Simulations completed: 1800/5000
[Job 0] Simulations completed: 1850/5000
[Job 0] Simulations completed: 1900/5000
[Job 0] Simulations completed: 1950/5000
[Job 0] Simulations completed: 2000/5000
[Job 0] Simulations completed: 2050/5000
[Job 0] Simulations completed: 2100/5000
[Job 0] Simulations completed: 2150/5000
[Job 0] Simulations completed: 2200/5000
[Job 0] Simulations completed: 2250/5000
[Job 0] Simulations completed: 2300/5000
[Job 0] Simulations completed: 2350/5000
[Job 0] Simulations completed: 2400/5000
[Job 0] Simulations completed: 2450/5000
[Job 0] Simulations completed: 2500/5000
[Job 0] Simulations completed: 2550/5000
[Job 0] Simulations completed: 2600/5000
[Job 0] Simulations completed: 2650/5000
[Job 0] Simulations completed: 2700/5000
[Job 0] Simulations completed: 2750/5000
[Job 0] Simulations completed: 2800/5000
[Job 0] Simulations completed: 2850/5000
[Job 0] Simulations completed: 2900/5000
[Job 0] Simulations completed: 2950/5000
[Job 0] Simulations completed: 3000/5000
[Job 0] Simulations completed: 3050/5000
[Job 0] Simulations completed: 3100/5000
[Job 0] Simulations completed: 3150/5000
[Job 0] Simulations completed: 3200/5000
[Job 0] Simulations completed: 3250/5000
[Job 0] Simulations completed: 3300/5000
[Job 0] Simulations completed: 3350/5000
[Job 0] Simulations completed: 3400/5000
[Job 0] Simulations completed: 3450/5000
[Job 0] Simulations completed: 3500/5000
[Job 0] Simulations completed: 3550/5000
[Job 0] Simulations completed: 3600/5000
[Job 0] Simulations completed: 3650/5000
[Job 0] Simulations completed: 3700/5000
[Job 0] Simulations completed: 3750/5000
[Job 0] Simulations completed: 3800/5000
[Job 0] Simulations completed: 3850/5000
[Job 0] Simulations completed: 3900/5000
[Job 0] Simulations completed: 3950/5000
[Job 0] Simulations completed: 4000/5000
[Job 0] Simulations completed: 4050/5000
[Job 0] Simulations completed: 4100/5000
[Job 0] Simulations completed: 4150/5000
[Job 0] Simulations completed: 4200/5000
[Job 0] Simulations completed: 4250/5000
[Job 0] Simulations completed: 4300/5000
[Job 0] Simulations completed: 4350/5000
[Job 0] Simulations completed: 4400/5000
[Job 0] Simulations completed: 4450/5000
[Job 0] Simulations completed: 4500/5000
[Job 0] Simulations completed: 4550/5000
[Job 0] Simulations completed: 4600/5000
[Job 0] Simulations completed: 4650/5000
[Job 0] Simulations completed: 4700/5000
[Job 0] Simulations completed: 4750/5000
[Job 0] Simulations completed: 4800/5000
[Job 0] Simulations completed: 4850/5000
[Job 0] Simulations completed: 4900/5000
[Job 0] Simulations completed: 4950/5000
[Job 0] Simulations completed: 5000/5000
Wrote partial results to mc_rg_results_1gpu/partial_0.json
Total elapsed time: 7652.38 seconds
Simulations only: 7652.37 seconds
[Fri Jun 13 00:53:14 CEST 2025] Finished job 13439074 task 0
